sh-4.3# time ./part3.elf 
KNN based Recommendation System Acceleration
Input movie id = 0
Started distance calculations on software...
Finished distance calculations on software...
Started distance calculations on hardware...
Finished distance calculations on hardware...

Recommendation system start to make inference
...
Recommendations for movie with id 0:
0. Jurassic Park (1993), with distance of 10.7121
1. Fish Called Wanda  A (1988), with distance of 11.0793
2. Back to the Future (1985), with distance of 11.6404
3. Star Wars: Episode VI - Return of the Jedi (1983), with distance of9
4. Lion King  The (1994), with distance of 12.0623
5. Raising Arizona (1987), with distance of 12.1552
6. Wizard of Oz  The (1939), with distance of 12.1861
7. Batman (1989), with distance of 12.2066
8. Princess Bride  The (1987), with distance of 12.3085
9. E.T. the Extra-Terrestrial (1982), with distance of 12.3996

Hardware cycles : 351130
Software cycles : 1582071
Speedup         : 4.50566
Correct = 1024, Score = 1.000000 

real    0m3.074s
user    0m3.030s
sys     0m0.010s
